<?xml version="1.0" encoding="UTF-8"?>
<testsuite xmlns:xsi="http://www.w3.org/2001/XMLSchema-instance" xsi:noNamespaceSchemaLocation="https://maven.apache.org/surefire/maven-surefire-plugin/xsd/surefire-test-report-3.0.xsd" version="3.0" name="escuelaing.edu.co.spark.ExerciseServiceTest" time="0.014" tests="3" errors="0" skipped="0" failures="0">
  <properties>
[...]
</properties>
  <testcase name="testGetExercises_NonEmptyList" classname="escuelaing.edu.co.spark.ExerciseServiceTest" time="0.004"/>
  <testcase name="testAddExercise" classname="escuelaing.edu.co.spark.ExerciseServiceTest" time="0.002"/>
  <testcase name="testGetExercises_EmptyList" classname="escuelaing.edu.co.spark.ExerciseServiceTest" time="0.002"/>
</testsuite>